0 info it worked if it ends with ok
1 verbose cli [ 'D:\\Program Files\\nodejs\\node.exe',
1 verbose cli   'D:\\Program Files\\nodejs\\node_modules\\npm\\bin\\npm-cli.js',
1 verbose cli   'start' ]
2 info using npm@3.10.10
3 info using node@v6.10.2
4 verbose run-script [ 'prestart', 'start', 'poststart' ]
5 info lifecycle react_project@1.0.0~prestart: react_project@1.0.0
6 silly lifecycle react_project@1.0.0~prestart: no script for prestart, continuing
7 info lifecycle react_project@1.0.0~start: react_project@1.0.0
8 verbose lifecycle react_project@1.0.0~start: unsafe-perm in lifecycle true
9 verbose lifecycle react_project@1.0.0~start: PATH: D:\Program Files\nodejs\node_modules\npm\bin\node-gyp-bin;D:\ReactTestProject\node_modules\.bin;C:\Python27\;D:\Program Files\curl;C:\Python27\Scripts;C:\WINDOWS\system32;C:\WINDOWS;C:\WINDOWS\System32\Wbem;C:\WINDOWS\System32\WindowsPowerShell\v1.0\;D:\Program Files\Java\jdk1.8.0_20\bin;D:\Program Files\Java\jdk1.8.0_20\jre\bin;D:\Program Files (x86)\Git\bin;D:\Program Files (x86)\Git\cmd;D:\android\studio\gradle\gradle-3.2\bin;D:\Program Files\nodejs\;d:\Program Files (x86)\Git\cmd;C:\Program Files\MySQL\MySQL Utilities 1.6\;D:\android\sdk\platform-tools;C:\Users\Administrator\AppData\Local\Microsoft\WindowsApps;D:\Program Files\Java\jdk1.8.0_20\bin;D:\android\studio\gradle\gradle-3.2\bin;C:\Users\Administrator\AppData\Roaming\npm;D:\Program Files\curl
10 verbose lifecycle react_project@1.0.0~start: CWD: D:\ReactTestProject
11 silly lifecycle react_project@1.0.0~start: Args: [ '/d /s /c',
11 silly lifecycle   'node node_modules/react-native/local-cli/cli.js start' ]
12 silly lifecycle react_project@1.0.0~start: Returned: code: 3221225786  signal: null
13 info lifecycle react_project@1.0.0~start: Failed to exec start script
14 verbose stack Error: react_project@1.0.0 start: `node node_modules/react-native/local-cli/cli.js start`
14 verbose stack Exit status 3221225786
14 verbose stack     at EventEmitter.<anonymous> (D:\Program Files\nodejs\node_modules\npm\lib\utils\lifecycle.js:255:16)
14 verbose stack     at emitTwo (events.js:106:13)
14 verbose stack     at EventEmitter.emit (events.js:191:7)
14 verbose stack     at ChildProcess.<anonymous> (D:\Program Files\nodejs\node_modules\npm\lib\utils\spawn.js:40:14)
14 verbose stack     at emitTwo (events.js:106:13)
14 verbose stack     at ChildProcess.emit (events.js:191:7)
14 verbose stack     at maybeClose (internal/child_process.js:886:16)
14 verbose stack     at Process.ChildProcess._handle.onexit (internal/child_process.js:226:5)
15 verbose pkgid react_project@1.0.0
16 verbose cwd D:\ReactTestProject
17 error Windows_NT 10.0.14393
18 error argv "D:\\Program Files\\nodejs\\node.exe" "D:\\Program Files\\nodejs\\node_modules\\npm\\bin\\npm-cli.js" "start"
19 error node v6.10.2
20 error npm  v3.10.10
21 error code ELIFECYCLE
22 error react_project@1.0.0 start: `node node_modules/react-native/local-cli/cli.js start`
22 error Exit status 3221225786
23 error Failed at the react_project@1.0.0 start script 'node node_modules/react-native/local-cli/cli.js start'.
23 error Make sure you have the latest version of node.js and npm installed.
23 error If you do, this is most likely a problem with the react_project package,
23 error not with npm itself.
23 error Tell the author that this fails on your system:
23 error     node node_modules/react-native/local-cli/cli.js start
23 error You can get information on how to open an issue for this project with:
23 error     npm bugs react_project
23 error Or if that isn't available, you can get their info via:
23 error     npm owner ls react_project
23 error There is likely additional logging output above.
24 verbose exit [ 1, true ]
